<?xml version="1.0" encoding="UTF-8"?>
<!-- Generated by org.testng.reporters.JUnitReportReporter -->
<testsuite skipped="0" hostname="Sanjana" name="responsetimes.GetUserDetails" tests="2" failures="0" timestamp="17 Aug 2018 14:36:17 GMT" time="10.428" errors="0">
  <testcase name="getuser" time="5.752" classname="responsetimes.GetUserDetails"/>
  <testcase name="getuser_delayedtimes" time="4.676" classname="responsetimes.GetUserDetails"/>
</testsuite> <!-- responsetimes.GetUserDetails -->
