<?xml version="1.0" encoding="UTF-8"?>
<!-- Generated by org.testng.reporters.JUnitReportReporter -->
<testsuite skipped="0" hostname="Sanjana" name="getdemos.List_Users1" tests="3" failures="0" timestamp="16 Aug 2018 19:33:03 GMT" time="7.317" errors="0">
  <testcase name="getListOfUsers" time="4.706" classname="getdemos.List_Users1"/>
  <testcase name="getListOfUsers" time="1.333" classname="getdemos.List_Users1"/>
  <testcase name="getListOfUsers" time="1.278" classname="getdemos.List_Users1"/>
</testsuite> <!-- getdemos.List_Users1 -->
