<?xml version="1.0" encoding="UTF-8"?>
<!-- Generated by org.testng.reporters.JUnitReportReporter -->
<testsuite skipped="0" hostname="Sanjana" name="getdemos.List_Users" tests="1" failures="0" timestamp="16 Aug 2018 19:24:21 GMT" time="7.989" errors="0">
  <testcase name="getListOfUsers" time="7.989" classname="getdemos.List_Users"/>
</testsuite> <!-- getdemos.List_Users -->
