<?xml version="1.0" encoding="UTF-8"?>
<!-- Generated by org.testng.reporters.JUnitReportReporter -->
<testsuite skipped="0" hostname="Sanjana" name="fakerapi.Retrieve_posts" tests="1" failures="0" timestamp="17 Aug 2018 19:08:59 GMT" time="5.301" errors="0">
  <testcase name="get_01" time="5.301" classname="fakerapi.Retrieve_posts"/>
</testsuite> <!-- fakerapi.Retrieve_posts -->
