<?xml version="1.0" encoding="UTF-8"?>
<!-- Generated by org.testng.reporters.JUnitReportReporter -->
<testsuite skipped="0" hostname="Sanjana" name="postDemos.Create_User" tests="1" failures="0" timestamp="17 Aug 2018 14:52:13 GMT" time="4.975" errors="0">
  <testcase name="createuser" time="4.975" classname="postDemos.Create_User"/>
</testsuite> <!-- postDemos.Create_User -->
