<?xml version="1.0" encoding="UTF-8"?>
<!-- Generated by org.testng.reporters.JUnitReportReporter -->
<testsuite skipped="0" hostname="Sanjana" name="getdemos.ListUsers" tests="9" failures="0" timestamp="17 Aug 2018 14:17:21 GMT" time="15.075" errors="0">
  <testcase name="getListOfUsers" time="1.275" classname="getdemos.ListUsers"/>
  <testcase name="getListOfUsers" time="1.274" classname="getdemos.ListUsers"/>
  <testcase name="getListOfUsers" time="5.072" classname="getdemos.ListUsers"/>
  <testcase name="getListOfUsers" time="1.072" classname="getdemos.ListUsers"/>
  <testcase name="getListOfUsers" time="1.279" classname="getdemos.ListUsers"/>
  <testcase name="getListOfUsers" time="1.273" classname="getdemos.ListUsers"/>
  <testcase name="getListOfUsers" time="1.278" classname="getdemos.ListUsers"/>
  <testcase name="getListOfUsers" time="1.278" classname="getdemos.ListUsers"/>
  <testcase name="getListOfUsers" time="1.274" classname="getdemos.ListUsers"/>
</testsuite> <!-- getdemos.ListUsers -->
