<?xml version="1.0" encoding="UTF-8"?>
<!-- Generated by org.testng.reporters.JUnitReportReporter -->
<testsuite skipped="0" hostname="Sanjana" name="getdemos.Demo" tests="1" failures="0" timestamp="17 Aug 2018 13:57:26 GMT" time="1.565" errors="0">
  <testcase name="testdataread" time="1.565" classname="getdemos.Demo"/>
</testsuite> <!-- getdemos.Demo -->
