<?xml version="1.0" encoding="UTF-8"?>
<!-- Generated by org.testng.reporters.JUnitReportReporter -->
<testsuite skipped="0" hostname="Sanjana" name="fakerapi.Post_Req_Data" tests="1" failures="0" timestamp="17 Aug 2018 19:38:31 GMT" time="1.734" errors="0">
  <testcase name="authorinfo" time="1.734" classname="fakerapi.Post_Req_Data"/>
</testsuite> <!-- fakerapi.Post_Req_Data -->
